2016-04-15 08:39:04,027 INFO [baidu.MyQuartz] - ------- Initializing -------------------
2016-04-15 08:39:04,054 INFO [org.quartz.impl.StdSchedulerFactory] - Using default implementation for ThreadExecutor
2016-04-15 08:39:04,056 INFO [org.quartz.simpl.SimpleThreadPool] - Job execution threads will use class loader of thread: main
2016-04-15 08:39:04,066 INFO [org.quartz.core.SchedulerSignalerImpl] - Initialized Scheduler Signaller of type: class org.quartz.core.SchedulerSignalerImpl
2016-04-15 08:39:04,067 INFO [org.quartz.core.QuartzScheduler] - Quartz Scheduler v.2.2.2 created.
2016-04-15 08:39:04,067 INFO [org.quartz.simpl.RAMJobStore] - RAMJobStore initialized.
2016-04-15 08:39:04,068 INFO [org.quartz.core.QuartzScheduler] - Scheduler meta-data: Quartz Scheduler (v2.2.2) 'DefaultQuartzScheduler' with instanceId 'NON_CLUSTERED'
  Scheduler class: 'org.quartz.core.QuartzScheduler' - running locally.
  NOT STARTED.
  Currently in standby mode.
  Number of jobs executed: 0
  Using thread pool 'org.quartz.simpl.SimpleThreadPool' - with 10 threads.
  Using job-store 'org.quartz.simpl.RAMJobStore' - which does not support persistence. and is not clustered.

2016-04-15 08:39:04,068 INFO [org.quartz.impl.StdSchedulerFactory] - Quartz scheduler 'DefaultQuartzScheduler' initialized from default resource file in Quartz package: 'quartz.properties'
2016-04-15 08:39:04,068 INFO [org.quartz.impl.StdSchedulerFactory] - Quartz scheduler version: 2.2.2
2016-04-15 08:39:04,068 INFO [baidu.MyQuartz] - ------- Initialization Complete --------
2016-04-15 08:39:04,068 INFO [baidu.MyQuartz] - ------- Scheduling Jobs ----------------
2016-04-15 08:39:04,079 INFO [baidu.MyQuartz] - group1.job1 has been scheduled to run at: Fri Apr 15 08:39:20 CST 2016 and repeat based on expression: 0/20 * * * * ?
2016-04-15 08:39:04,079 INFO [baidu.MyQuartz] - ------- Starting Scheduler ----------------
2016-04-15 08:39:04,079 INFO [org.quartz.core.QuartzScheduler] - Scheduler DefaultQuartzScheduler_$_NON_CLUSTERED started.
2016-04-15 08:39:04,080 INFO [baidu.MyQuartz] - ------- Started Scheduler -----------------
2016-04-15 08:39:04,080 INFO [baidu.MyQuartz] - ------- Waiting five minutes... ------------
2016-04-15 08:39:07,081 INFO [baidu.MyQuartz] - ------- Shutting Down ---------------------
2016-04-15 08:39:07,081 INFO [baidu.MyQuartz] - ------- Shutdown Complete -----------------
2016-04-15 08:39:07,081 INFO [baidu.MyQuartz] - Executed 0 jobs.
2016-04-15 08:39:20,005 INFO [quartz.example3.SimpleJob] - SimpleJob says: group1.job1 executing at Fri Apr 15 08:39:20 CST 2016
2016-04-15 08:39:40,000 INFO [quartz.example3.SimpleJob] - SimpleJob says: group1.job1 executing at Fri Apr 15 08:39:40 CST 2016
2016-04-15 08:40:00,001 INFO [quartz.example3.SimpleJob] - SimpleJob says: group1.job1 executing at Fri Apr 15 08:40:00 CST 2016
2016-04-15 08:40:20,000 INFO [quartz.example3.SimpleJob] - SimpleJob says: group1.job1 executing at Fri Apr 15 08:40:20 CST 2016
2016-04-15 08:40:40,000 INFO [quartz.example3.SimpleJob] - SimpleJob says: group1.job1 executing at Fri Apr 15 08:40:40 CST 2016
2016-04-15 08:41:00,001 INFO [quartz.example3.SimpleJob] - SimpleJob says: group1.job1 executing at Fri Apr 15 08:41:00 CST 2016
2016-04-15 08:41:20,000 INFO [quartz.example3.SimpleJob] - SimpleJob says: group1.job1 executing at Fri Apr 15 08:41:20 CST 2016
2016-04-15 08:41:40,001 INFO [quartz.example3.SimpleJob] - SimpleJob says: group1.job1 executing at Fri Apr 15 08:41:40 CST 2016
2016-04-15 08:42:00,001 INFO [quartz.example3.SimpleJob] - SimpleJob says: group1.job1 executing at Fri Apr 15 08:42:00 CST 2016
2016-04-15 08:42:20,000 INFO [quartz.example3.SimpleJob] - SimpleJob says: group1.job1 executing at Fri Apr 15 08:42:20 CST 2016
2016-04-15 08:42:40,000 INFO [quartz.example3.SimpleJob] - SimpleJob says: group1.job1 executing at Fri Apr 15 08:42:40 CST 2016
2016-04-15 08:43:00,001 INFO [quartz.example3.SimpleJob] - SimpleJob says: group1.job1 executing at Fri Apr 15 08:43:00 CST 2016
2016-04-15 08:43:20,000 INFO [quartz.example3.SimpleJob] - SimpleJob says: group1.job1 executing at Fri Apr 15 08:43:20 CST 2016
2016-04-15 08:43:40,000 INFO [quartz.example3.SimpleJob] - SimpleJob says: group1.job1 executing at Fri Apr 15 08:43:40 CST 2016
2016-04-15 08:44:00,000 INFO [quartz.example3.SimpleJob] - SimpleJob says: group1.job1 executing at Fri Apr 15 08:44:00 CST 2016
2016-04-15 08:44:20,003 INFO [quartz.example3.SimpleJob] - SimpleJob says: group1.job1 executing at Fri Apr 15 08:44:20 CST 2016
2016-04-15 08:44:40,000 INFO [quartz.example3.SimpleJob] - SimpleJob says: group1.job1 executing at Fri Apr 15 08:44:40 CST 2016
2016-04-15 08:45:00,001 INFO [quartz.example3.SimpleJob] - SimpleJob says: group1.job1 executing at Fri Apr 15 08:45:00 CST 2016
2016-04-15 08:45:20,000 INFO [quartz.example3.SimpleJob] - SimpleJob says: group1.job1 executing at Fri Apr 15 08:45:20 CST 2016
2016-04-15 08:45:40,001 INFO [quartz.example3.SimpleJob] - SimpleJob says: group1.job1 executing at Fri Apr 15 08:45:40 CST 2016
2016-04-15 08:46:00,000 INFO [quartz.example3.SimpleJob] - SimpleJob says: group1.job1 executing at Fri Apr 15 08:46:00 CST 2016
2016-04-15 08:46:20,000 INFO [quartz.example3.SimpleJob] - SimpleJob says: group1.job1 executing at Fri Apr 15 08:46:20 CST 2016
2016-04-15 08:46:40,001 INFO [quartz.example3.SimpleJob] - SimpleJob says: group1.job1 executing at Fri Apr 15 08:46:40 CST 2016
2016-04-15 08:47:00,001 INFO [quartz.example3.SimpleJob] - SimpleJob says: group1.job1 executing at Fri Apr 15 08:47:00 CST 2016
2016-04-15 08:47:20,000 INFO [quartz.example3.SimpleJob] - SimpleJob says: group1.job1 executing at Fri Apr 15 08:47:20 CST 2016
2016-04-15 08:47:40,000 INFO [quartz.example3.SimpleJob] - SimpleJob says: group1.job1 executing at Fri Apr 15 08:47:40 CST 2016
2016-04-15 08:48:00,001 INFO [quartz.example3.SimpleJob] - SimpleJob says: group1.job1 executing at Fri Apr 15 08:48:00 CST 2016
2016-04-15 08:48:20,000 INFO [quartz.example3.SimpleJob] - SimpleJob says: group1.job1 executing at Fri Apr 15 08:48:20 CST 2016
2016-04-15 08:48:40,001 INFO [quartz.example3.SimpleJob] - SimpleJob says: group1.job1 executing at Fri Apr 15 08:48:40 CST 2016
2016-04-15 08:49:00,002 INFO [quartz.example3.SimpleJob] - SimpleJob says: group1.job1 executing at Fri Apr 15 08:49:00 CST 2016
2016-04-15 08:49:20,001 INFO [quartz.example3.SimpleJob] - SimpleJob says: group1.job1 executing at Fri Apr 15 08:49:20 CST 2016
2016-04-15 08:49:40,000 INFO [quartz.example3.SimpleJob] - SimpleJob says: group1.job1 executing at Fri Apr 15 08:49:40 CST 2016
2016-04-15 08:50:00,001 INFO [quartz.example3.SimpleJob] - SimpleJob says: group1.job1 executing at Fri Apr 15 08:50:00 CST 2016
2016-04-15 08:50:20,000 INFO [quartz.example3.SimpleJob] - SimpleJob says: group1.job1 executing at Fri Apr 15 08:50:20 CST 2016
2016-04-15 08:50:40,001 INFO [quartz.example3.SimpleJob] - SimpleJob says: group1.job1 executing at Fri Apr 15 08:50:40 CST 2016
2016-04-15 08:51:00,000 INFO [quartz.example3.SimpleJob] - SimpleJob says: group1.job1 executing at Fri Apr 15 08:51:00 CST 2016
2016-04-15 08:51:20,001 INFO [quartz.example3.SimpleJob] - SimpleJob says: group1.job1 executing at Fri Apr 15 08:51:20 CST 2016
2016-04-15 08:51:40,000 INFO [quartz.example3.SimpleJob] - SimpleJob says: group1.job1 executing at Fri Apr 15 08:51:40 CST 2016
2016-04-15 08:52:00,001 INFO [quartz.example3.SimpleJob] - SimpleJob says: group1.job1 executing at Fri Apr 15 08:52:00 CST 2016
2016-04-15 08:52:20,001 INFO [quartz.example3.SimpleJob] - SimpleJob says: group1.job1 executing at Fri Apr 15 08:52:20 CST 2016
2016-04-15 08:52:40,001 INFO [quartz.example3.SimpleJob] - SimpleJob says: group1.job1 executing at Fri Apr 15 08:52:40 CST 2016
2016-04-15 08:53:00,001 INFO [quartz.example3.SimpleJob] - SimpleJob says: group1.job1 executing at Fri Apr 15 08:53:00 CST 2016
2016-04-15 08:53:20,001 INFO [quartz.example3.SimpleJob] - SimpleJob says: group1.job1 executing at Fri Apr 15 08:53:20 CST 2016
2016-04-15 08:53:40,000 INFO [quartz.example3.SimpleJob] - SimpleJob says: group1.job1 executing at Fri Apr 15 08:53:40 CST 2016
2016-04-15 08:54:00,000 INFO [quartz.example3.SimpleJob] - SimpleJob says: group1.job1 executing at Fri Apr 15 08:54:00 CST 2016
2016-04-15 08:54:20,001 INFO [quartz.example3.SimpleJob] - SimpleJob says: group1.job1 executing at Fri Apr 15 08:54:20 CST 2016
2016-04-15 08:54:40,001 INFO [quartz.example3.SimpleJob] - SimpleJob says: group1.job1 executing at Fri Apr 15 08:54:40 CST 2016
2016-04-15 08:55:00,000 INFO [quartz.example3.SimpleJob] - SimpleJob says: group1.job1 executing at Fri Apr 15 08:55:00 CST 2016
2016-04-15 08:55:20,000 INFO [quartz.example3.SimpleJob] - SimpleJob says: group1.job1 executing at Fri Apr 15 08:55:20 CST 2016
2016-04-15 08:55:40,001 INFO [quartz.example3.SimpleJob] - SimpleJob says: group1.job1 executing at Fri Apr 15 08:55:40 CST 2016
2016-04-15 08:56:00,001 INFO [quartz.example3.SimpleJob] - SimpleJob says: group1.job1 executing at Fri Apr 15 08:56:00 CST 2016
2016-04-15 08:56:20,001 INFO [quartz.example3.SimpleJob] - SimpleJob says: group1.job1 executing at Fri Apr 15 08:56:20 CST 2016
2016-04-15 08:56:40,000 INFO [quartz.example3.SimpleJob] - SimpleJob says: group1.job1 executing at Fri Apr 15 08:56:40 CST 2016
2016-04-15 08:57:00,001 INFO [quartz.example3.SimpleJob] - SimpleJob says: group1.job1 executing at Fri Apr 15 08:57:00 CST 2016
2016-04-15 08:57:20,000 INFO [quartz.example3.SimpleJob] - SimpleJob says: group1.job1 executing at Fri Apr 15 08:57:20 CST 2016
2016-04-15 08:57:40,001 INFO [quartz.example3.SimpleJob] - SimpleJob says: group1.job1 executing at Fri Apr 15 08:57:40 CST 2016
2016-04-15 08:58:00,001 INFO [quartz.example3.SimpleJob] - SimpleJob says: group1.job1 executing at Fri Apr 15 08:58:00 CST 2016
2016-04-15 08:58:20,000 INFO [quartz.example3.SimpleJob] - SimpleJob says: group1.job1 executing at Fri Apr 15 08:58:20 CST 2016
2016-04-15 08:58:40,000 INFO [quartz.example3.SimpleJob] - SimpleJob says: group1.job1 executing at Fri Apr 15 08:58:40 CST 2016
2016-04-15 08:59:00,001 INFO [quartz.example3.SimpleJob] - SimpleJob says: group1.job1 executing at Fri Apr 15 08:59:00 CST 2016
2016-04-15 08:59:20,000 INFO [quartz.example3.SimpleJob] - SimpleJob says: group1.job1 executing at Fri Apr 15 08:59:20 CST 2016
2016-04-15 08:59:40,001 INFO [quartz.example3.SimpleJob] - SimpleJob says: group1.job1 executing at Fri Apr 15 08:59:40 CST 2016
2016-04-15 09:00:00,001 INFO [quartz.example3.SimpleJob] - SimpleJob says: group1.job1 executing at Fri Apr 15 09:00:00 CST 2016
2016-04-15 09:00:20,000 INFO [quartz.example3.SimpleJob] - SimpleJob says: group1.job1 executing at Fri Apr 15 09:00:20 CST 2016
2016-04-15 09:00:40,001 INFO [quartz.example3.SimpleJob] - SimpleJob says: group1.job1 executing at Fri Apr 15 09:00:40 CST 2016
2016-04-15 09:01:00,001 INFO [quartz.example3.SimpleJob] - SimpleJob says: group1.job1 executing at Fri Apr 15 09:01:00 CST 2016
2016-04-15 09:01:20,000 INFO [quartz.example3.SimpleJob] - SimpleJob says: group1.job1 executing at Fri Apr 15 09:01:20 CST 2016
2016-04-15 09:01:40,000 INFO [quartz.example3.SimpleJob] - SimpleJob says: group1.job1 executing at Fri Apr 15 09:01:40 CST 2016
2016-04-15 09:02:00,000 INFO [quartz.example3.SimpleJob] - SimpleJob says: group1.job1 executing at Fri Apr 15 09:02:00 CST 2016
2016-04-15 09:02:20,000 INFO [quartz.example3.SimpleJob] - SimpleJob says: group1.job1 executing at Fri Apr 15 09:02:20 CST 2016
2016-04-15 09:02:40,001 INFO [quartz.example3.SimpleJob] - SimpleJob says: group1.job1 executing at Fri Apr 15 09:02:40 CST 2016
2016-04-15 09:03:00,000 INFO [quartz.example3.SimpleJob] - SimpleJob says: group1.job1 executing at Fri Apr 15 09:03:00 CST 2016
2016-04-15 09:03:20,001 INFO [quartz.example3.SimpleJob] - SimpleJob says: group1.job1 executing at Fri Apr 15 09:03:20 CST 2016
2016-04-15 09:03:40,000 INFO [quartz.example3.SimpleJob] - SimpleJob says: group1.job1 executing at Fri Apr 15 09:03:40 CST 2016
2016-04-15 09:04:00,000 INFO [quartz.example3.SimpleJob] - SimpleJob says: group1.job1 executing at Fri Apr 15 09:04:00 CST 2016
2016-04-15 09:04:20,000 INFO [quartz.example3.SimpleJob] - SimpleJob says: group1.job1 executing at Fri Apr 15 09:04:20 CST 2016
2016-04-15 09:04:40,001 INFO [quartz.example3.SimpleJob] - SimpleJob says: group1.job1 executing at Fri Apr 15 09:04:40 CST 2016
2016-04-15 09:05:00,000 INFO [quartz.example3.SimpleJob] - SimpleJob says: group1.job1 executing at Fri Apr 15 09:05:00 CST 2016
2016-04-15 09:05:20,001 INFO [quartz.example3.SimpleJob] - SimpleJob says: group1.job1 executing at Fri Apr 15 09:05:20 CST 2016
2016-04-15 09:05:40,000 INFO [quartz.example3.SimpleJob] - SimpleJob says: group1.job1 executing at Fri Apr 15 09:05:40 CST 2016
2016-04-15 09:06:00,001 INFO [quartz.example3.SimpleJob] - SimpleJob says: group1.job1 executing at Fri Apr 15 09:06:00 CST 2016
2016-04-15 09:06:20,000 INFO [quartz.example3.SimpleJob] - SimpleJob says: group1.job1 executing at Fri Apr 15 09:06:20 CST 2016
2016-04-15 09:06:40,001 INFO [quartz.example3.SimpleJob] - SimpleJob says: group1.job1 executing at Fri Apr 15 09:06:40 CST 2016
2016-04-15 09:07:00,000 INFO [quartz.example3.SimpleJob] - SimpleJob says: group1.job1 executing at Fri Apr 15 09:07:00 CST 2016
2016-04-15 09:07:20,000 INFO [quartz.example3.SimpleJob] - SimpleJob says: group1.job1 executing at Fri Apr 15 09:07:20 CST 2016
2016-04-15 09:07:40,000 INFO [quartz.example3.SimpleJob] - SimpleJob says: group1.job1 executing at Fri Apr 15 09:07:40 CST 2016
2016-04-15 09:08:00,001 INFO [quartz.example3.SimpleJob] - SimpleJob says: group1.job1 executing at Fri Apr 15 09:08:00 CST 2016
2016-04-15 09:08:20,000 INFO [quartz.example3.SimpleJob] - SimpleJob says: group1.job1 executing at Fri Apr 15 09:08:20 CST 2016
2016-04-15 09:08:40,001 INFO [quartz.example3.SimpleJob] - SimpleJob says: group1.job1 executing at Fri Apr 15 09:08:40 CST 2016
2016-04-15 09:09:00,000 INFO [quartz.example3.SimpleJob] - SimpleJob says: group1.job1 executing at Fri Apr 15 09:09:00 CST 2016
2016-04-15 09:09:20,001 INFO [quartz.example3.SimpleJob] - SimpleJob says: group1.job1 executing at Fri Apr 15 09:09:20 CST 2016
2016-04-15 09:09:40,000 INFO [quartz.example3.SimpleJob] - SimpleJob says: group1.job1 executing at Fri Apr 15 09:09:40 CST 2016
2016-04-15 09:10:00,000 INFO [quartz.example3.SimpleJob] - SimpleJob says: group1.job1 executing at Fri Apr 15 09:10:00 CST 2016
2016-04-15 09:10:20,001 INFO [quartz.example3.SimpleJob] - SimpleJob says: group1.job1 executing at Fri Apr 15 09:10:20 CST 2016
2016-04-15 09:10:40,000 INFO [quartz.example3.SimpleJob] - SimpleJob says: group1.job1 executing at Fri Apr 15 09:10:40 CST 2016
2016-04-15 09:11:00,001 INFO [quartz.example3.SimpleJob] - SimpleJob says: group1.job1 executing at Fri Apr 15 09:11:00 CST 2016
2016-04-15 09:11:20,001 INFO [quartz.example3.SimpleJob] - SimpleJob says: group1.job1 executing at Fri Apr 15 09:11:20 CST 2016
2016-04-15 09:11:40,000 INFO [quartz.example3.SimpleJob] - SimpleJob says: group1.job1 executing at Fri Apr 15 09:11:40 CST 2016
2016-04-15 09:12:00,001 INFO [quartz.example3.SimpleJob] - SimpleJob says: group1.job1 executing at Fri Apr 15 09:12:00 CST 2016
2016-04-15 09:12:20,000 INFO [quartz.example3.SimpleJob] - SimpleJob says: group1.job1 executing at Fri Apr 15 09:12:20 CST 2016
2016-04-15 09:12:40,000 INFO [quartz.example3.SimpleJob] - SimpleJob says: group1.job1 executing at Fri Apr 15 09:12:40 CST 2016
2016-04-15 09:13:00,001 INFO [quartz.example3.SimpleJob] - SimpleJob says: group1.job1 executing at Fri Apr 15 09:13:00 CST 2016
2016-04-15 09:13:20,000 INFO [quartz.example3.SimpleJob] - SimpleJob says: group1.job1 executing at Fri Apr 15 09:13:20 CST 2016
2016-04-15 09:13:40,000 INFO [quartz.example3.SimpleJob] - SimpleJob says: group1.job1 executing at Fri Apr 15 09:13:40 CST 2016
2016-04-15 09:14:00,000 INFO [quartz.example3.SimpleJob] - SimpleJob says: group1.job1 executing at Fri Apr 15 09:14:00 CST 2016
2016-04-15 09:14:20,000 INFO [quartz.example3.SimpleJob] - SimpleJob says: group1.job1 executing at Fri Apr 15 09:14:20 CST 2016
2016-04-15 09:14:40,001 INFO [quartz.example3.SimpleJob] - SimpleJob says: group1.job1 executing at Fri Apr 15 09:14:40 CST 2016
2016-04-15 09:15:00,000 INFO [quartz.example3.SimpleJob] - SimpleJob says: group1.job1 executing at Fri Apr 15 09:15:00 CST 2016
2016-04-15 09:15:20,000 INFO [quartz.example3.SimpleJob] - SimpleJob says: group1.job1 executing at Fri Apr 15 09:15:20 CST 2016
2016-04-15 09:15:40,000 INFO [quartz.example3.SimpleJob] - SimpleJob says: group1.job1 executing at Fri Apr 15 09:15:40 CST 2016
2016-04-15 09:16:00,000 INFO [quartz.example3.SimpleJob] - SimpleJob says: group1.job1 executing at Fri Apr 15 09:16:00 CST 2016
2016-04-15 09:16:20,001 INFO [quartz.example3.SimpleJob] - SimpleJob says: group1.job1 executing at Fri Apr 15 09:16:20 CST 2016
2016-04-15 09:16:40,000 INFO [quartz.example3.SimpleJob] - SimpleJob says: group1.job1 executing at Fri Apr 15 09:16:40 CST 2016
2016-04-15 09:17:00,001 INFO [quartz.example3.SimpleJob] - SimpleJob says: group1.job1 executing at Fri Apr 15 09:17:00 CST 2016
2016-04-15 09:17:20,000 INFO [quartz.example3.SimpleJob] - SimpleJob says: group1.job1 executing at Fri Apr 15 09:17:20 CST 2016
2016-04-15 09:17:40,000 INFO [quartz.example3.SimpleJob] - SimpleJob says: group1.job1 executing at Fri Apr 15 09:17:40 CST 2016
2016-04-15 09:18:00,000 INFO [quartz.example3.SimpleJob] - SimpleJob says: group1.job1 executing at Fri Apr 15 09:18:00 CST 2016
2016-04-15 09:18:20,000 INFO [quartz.example3.SimpleJob] - SimpleJob says: group1.job1 executing at Fri Apr 15 09:18:20 CST 2016
2016-04-15 09:18:40,001 INFO [quartz.example3.SimpleJob] - SimpleJob says: group1.job1 executing at Fri Apr 15 09:18:40 CST 2016
2016-04-15 09:19:00,000 INFO [quartz.example3.SimpleJob] - SimpleJob says: group1.job1 executing at Fri Apr 15 09:19:00 CST 2016
2016-04-15 09:19:20,001 INFO [quartz.example3.SimpleJob] - SimpleJob says: group1.job1 executing at Fri Apr 15 09:19:20 CST 2016
2016-04-15 09:19:40,001 INFO [quartz.example3.SimpleJob] - SimpleJob says: group1.job1 executing at Fri Apr 15 09:19:40 CST 2016
2016-04-15 09:20:00,000 INFO [quartz.example3.SimpleJob] - SimpleJob says: group1.job1 executing at Fri Apr 15 09:20:00 CST 2016
2016-04-15 09:20:20,000 INFO [quartz.example3.SimpleJob] - SimpleJob says: group1.job1 executing at Fri Apr 15 09:20:20 CST 2016
2016-04-15 09:20:40,000 INFO [quartz.example3.SimpleJob] - SimpleJob says: group1.job1 executing at Fri Apr 15 09:20:40 CST 2016
2016-04-15 09:21:00,000 INFO [quartz.example3.SimpleJob] - SimpleJob says: group1.job1 executing at Fri Apr 15 09:21:00 CST 2016
2016-04-15 09:21:20,001 INFO [quartz.example3.SimpleJob] - SimpleJob says: group1.job1 executing at Fri Apr 15 09:21:20 CST 2016
2016-04-15 09:21:40,001 INFO [quartz.example3.SimpleJob] - SimpleJob says: group1.job1 executing at Fri Apr 15 09:21:40 CST 2016
2016-04-15 09:22:00,000 INFO [quartz.example3.SimpleJob] - SimpleJob says: group1.job1 executing at Fri Apr 15 09:22:00 CST 2016
2016-04-15 09:22:20,001 INFO [quartz.example3.SimpleJob] - SimpleJob says: group1.job1 executing at Fri Apr 15 09:22:20 CST 2016
2016-04-15 09:22:40,000 INFO [quartz.example3.SimpleJob] - SimpleJob says: group1.job1 executing at Fri Apr 15 09:22:40 CST 2016
2016-04-15 09:23:00,000 INFO [quartz.example3.SimpleJob] - SimpleJob says: group1.job1 executing at Fri Apr 15 09:23:00 CST 2016
2016-04-15 09:23:20,001 INFO [quartz.example3.SimpleJob] - SimpleJob says: group1.job1 executing at Fri Apr 15 09:23:20 CST 2016
2016-04-15 09:23:40,000 INFO [quartz.example3.SimpleJob] - SimpleJob says: group1.job1 executing at Fri Apr 15 09:23:40 CST 2016
2016-04-15 09:24:00,000 INFO [quartz.example3.SimpleJob] - SimpleJob says: group1.job1 executing at Fri Apr 15 09:24:00 CST 2016
2016-04-15 09:24:20,000 INFO [quartz.example3.SimpleJob] - SimpleJob says: group1.job1 executing at Fri Apr 15 09:24:20 CST 2016
2016-04-15 09:24:40,000 INFO [quartz.example3.SimpleJob] - SimpleJob says: group1.job1 executing at Fri Apr 15 09:24:40 CST 2016
2016-04-15 09:25:00,001 INFO [quartz.example3.SimpleJob] - SimpleJob says: group1.job1 executing at Fri Apr 15 09:25:00 CST 2016
2016-04-15 09:25:20,001 INFO [quartz.example3.SimpleJob] - SimpleJob says: group1.job1 executing at Fri Apr 15 09:25:20 CST 2016
2016-04-15 09:25:40,000 INFO [quartz.example3.SimpleJob] - SimpleJob says: group1.job1 executing at Fri Apr 15 09:25:40 CST 2016
2016-04-15 09:26:00,000 INFO [quartz.example3.SimpleJob] - SimpleJob says: group1.job1 executing at Fri Apr 15 09:26:00 CST 2016
2016-04-15 09:26:20,000 INFO [quartz.example3.SimpleJob] - SimpleJob says: group1.job1 executing at Fri Apr 15 09:26:20 CST 2016
2016-04-15 09:26:40,001 INFO [quartz.example3.SimpleJob] - SimpleJob says: group1.job1 executing at Fri Apr 15 09:26:40 CST 2016
2016-04-15 09:27:00,000 INFO [quartz.example3.SimpleJob] - SimpleJob says: group1.job1 executing at Fri Apr 15 09:27:00 CST 2016
2016-04-15 09:27:20,001 INFO [quartz.example3.SimpleJob] - SimpleJob says: group1.job1 executing at Fri Apr 15 09:27:20 CST 2016
2016-04-15 09:27:40,000 INFO [quartz.example3.SimpleJob] - SimpleJob says: group1.job1 executing at Fri Apr 15 09:27:40 CST 2016
2016-04-15 09:28:00,000 INFO [quartz.example3.SimpleJob] - SimpleJob says: group1.job1 executing at Fri Apr 15 09:28:00 CST 2016
2016-04-15 09:28:20,001 INFO [quartz.example3.SimpleJob] - SimpleJob says: group1.job1 executing at Fri Apr 15 09:28:20 CST 2016
2016-04-15 09:28:40,000 INFO [quartz.example3.SimpleJob] - SimpleJob says: group1.job1 executing at Fri Apr 15 09:28:40 CST 2016
2016-04-15 09:29:00,000 INFO [quartz.example3.SimpleJob] - SimpleJob says: group1.job1 executing at Fri Apr 15 09:29:00 CST 2016
2016-04-15 09:29:20,001 INFO [quartz.example3.SimpleJob] - SimpleJob says: group1.job1 executing at Fri Apr 15 09:29:20 CST 2016
2016-04-15 09:29:40,000 INFO [quartz.example3.SimpleJob] - SimpleJob says: group1.job1 executing at Fri Apr 15 09:29:40 CST 2016
2016-04-15 09:30:00,000 INFO [quartz.example3.SimpleJob] - SimpleJob says: group1.job1 executing at Fri Apr 15 09:30:00 CST 2016
2016-04-15 09:30:20,001 INFO [quartz.example3.SimpleJob] - SimpleJob says: group1.job1 executing at Fri Apr 15 09:30:20 CST 2016
2016-04-15 09:30:40,000 INFO [quartz.example3.SimpleJob] - SimpleJob says: group1.job1 executing at Fri Apr 15 09:30:40 CST 2016
2016-04-15 09:31:00,000 INFO [quartz.example3.SimpleJob] - SimpleJob says: group1.job1 executing at Fri Apr 15 09:31:00 CST 2016
2016-04-15 09:31:20,001 INFO [quartz.example3.SimpleJob] - SimpleJob says: group1.job1 executing at Fri Apr 15 09:31:20 CST 2016
2016-04-15 09:31:40,000 INFO [quartz.example3.SimpleJob] - SimpleJob says: group1.job1 executing at Fri Apr 15 09:31:40 CST 2016
2016-04-15 09:32:00,000 INFO [quartz.example3.SimpleJob] - SimpleJob says: group1.job1 executing at Fri Apr 15 09:32:00 CST 2016
2016-04-15 09:32:20,000 INFO [quartz.example3.SimpleJob] - SimpleJob says: group1.job1 executing at Fri Apr 15 09:32:20 CST 2016
2016-04-15 09:32:40,001 INFO [quartz.example3.SimpleJob] - SimpleJob says: group1.job1 executing at Fri Apr 15 09:32:40 CST 2016
2016-04-15 09:33:00,000 INFO [quartz.example3.SimpleJob] - SimpleJob says: group1.job1 executing at Fri Apr 15 09:33:00 CST 2016
2016-04-15 09:33:20,000 INFO [quartz.example3.SimpleJob] - SimpleJob says: group1.job1 executing at Fri Apr 15 09:33:20 CST 2016
2016-04-15 09:33:40,000 INFO [quartz.example3.SimpleJob] - SimpleJob says: group1.job1 executing at Fri Apr 15 09:33:40 CST 2016
2016-04-15 09:34:00,001 INFO [quartz.example3.SimpleJob] - SimpleJob says: group1.job1 executing at Fri Apr 15 09:34:00 CST 2016
2016-04-15 09:34:20,000 INFO [quartz.example3.SimpleJob] - SimpleJob says: group1.job1 executing at Fri Apr 15 09:34:20 CST 2016
2016-04-15 09:34:40,000 INFO [quartz.example3.SimpleJob] - SimpleJob says: group1.job1 executing at Fri Apr 15 09:34:40 CST 2016
2016-04-15 09:35:00,001 INFO [quartz.example3.SimpleJob] - SimpleJob says: group1.job1 executing at Fri Apr 15 09:35:00 CST 2016
2016-04-15 09:35:20,000 INFO [quartz.example3.SimpleJob] - SimpleJob says: group1.job1 executing at Fri Apr 15 09:35:20 CST 2016
2016-04-15 09:35:40,000 INFO [quartz.example3.SimpleJob] - SimpleJob says: group1.job1 executing at Fri Apr 15 09:35:40 CST 2016
2016-04-15 09:36:00,000 INFO [quartz.example3.SimpleJob] - SimpleJob says: group1.job1 executing at Fri Apr 15 09:36:00 CST 2016
2016-04-15 09:36:20,000 INFO [quartz.example3.SimpleJob] - SimpleJob says: group1.job1 executing at Fri Apr 15 09:36:20 CST 2016
2016-04-15 09:36:37,793 INFO [baidu.MyQuartz] - ------- Initializing -------------------
2016-04-15 09:36:37,834 INFO [org.quartz.impl.StdSchedulerFactory] - Using default implementation for ThreadExecutor
2016-04-15 09:36:37,837 INFO [org.quartz.simpl.SimpleThreadPool] - Job execution threads will use class loader of thread: main
2016-04-15 09:36:37,850 INFO [org.quartz.core.SchedulerSignalerImpl] - Initialized Scheduler Signaller of type: class org.quartz.core.SchedulerSignalerImpl
2016-04-15 09:36:37,850 INFO [org.quartz.core.QuartzScheduler] - Quartz Scheduler v.2.2.2 created.
2016-04-15 09:36:37,851 INFO [org.quartz.simpl.RAMJobStore] - RAMJobStore initialized.
2016-04-15 09:36:37,852 INFO [org.quartz.core.QuartzScheduler] - Scheduler meta-data: Quartz Scheduler (v2.2.2) 'DefaultQuartzScheduler' with instanceId 'NON_CLUSTERED'
  Scheduler class: 'org.quartz.core.QuartzScheduler' - running locally.
  NOT STARTED.
  Currently in standby mode.
  Number of jobs executed: 0
  Using thread pool 'org.quartz.simpl.SimpleThreadPool' - with 10 threads.
  Using job-store 'org.quartz.simpl.RAMJobStore' - which does not support persistence. and is not clustered.

2016-04-15 09:36:37,852 INFO [org.quartz.impl.StdSchedulerFactory] - Quartz scheduler 'DefaultQuartzScheduler' initialized from default resource file in Quartz package: 'quartz.properties'
2016-04-15 09:36:37,852 INFO [org.quartz.impl.StdSchedulerFactory] - Quartz scheduler version: 2.2.2
2016-04-15 09:36:37,852 INFO [baidu.MyQuartz] - ------- Initialization Complete --------
2016-04-15 09:36:37,852 INFO [baidu.MyQuartz] - ------- Scheduling Jobs ----------------
2016-04-15 09:36:37,867 INFO [baidu.MyQuartz] - group1.job1 has been scheduled to run at: Fri Apr 15 09:36:40 CST 2016 and repeat based on expression: 0/20 * * * * ?
2016-04-15 09:36:37,867 INFO [baidu.MyQuartz] - ------- Starting Scheduler ----------------
2016-04-15 09:36:37,867 INFO [org.quartz.core.QuartzScheduler] - Scheduler DefaultQuartzScheduler_$_NON_CLUSTERED started.
2016-04-15 09:36:37,867 INFO [baidu.MyQuartz] - ------- Started Scheduler -----------------
2016-04-15 09:36:37,867 INFO [baidu.MyQuartz] - ------- Waiting five minutes... ------------
2016-04-15 09:36:40,007 INFO [quartz.example3.SimpleJob] - SimpleJob says: group1.job1 executing at Fri Apr 15 09:36:40 CST 2016
2016-04-15 09:36:40,868 INFO [baidu.MyQuartz] - ------- Shutting Down ---------------------
2016-04-15 09:36:40,868 INFO [baidu.MyQuartz] - ------- Shutdown Complete -----------------
2016-04-15 09:36:40,868 INFO [baidu.MyQuartz] - Executed 1 jobs.
2016-04-15 09:36:54,954 INFO [com.mchange.v2.log.MLog] - MLog clients using slf4j logging.
2016-04-15 09:36:55,470 INFO [com.mchange.v2.c3p0.C3P0Registry] - Initializing c3p0-0.9.5.2 [built 08-December-2015 22:06:04 -0800; debug? true; trace: 10]
2016-04-15 09:36:55,755 INFO [com.mchange.v2.c3p0.impl.AbstractPoolBackedDataSource] - Initializing c3p0 pool... com.mchange.v2.c3p0.ComboPooledDataSource [ acquireIncrement -> 5, acquireRetryAttempts -> 30, acquireRetryDelay -> 1000, autoCommitOnClose -> false, automaticTestTable -> null, breakAfterAcquireFailure -> false, checkoutTimeout -> 0, connectionCustomizerClassName -> null, connectionTesterClassName -> com.mchange.v2.c3p0.impl.DefaultConnectionTester, contextClassLoaderSource -> caller, dataSourceName -> c3p0, debugUnreturnedConnectionStackTraces -> false, description -> null, driverClass -> com.microsoft.sqlserver.jdbc.SQLServerDriver, extensions -> {}, factoryClassLocation -> null, forceIgnoreUnresolvedTransactions -> false, forceSynchronousCheckins -> false, forceUseNamedDriverClass -> false, identityToken -> 1hgf4cu9g6jddzc3cfu6b|26f0a63f, idleConnectionTestPeriod -> 60, initialPoolSize -> 5, jdbcUrl -> jdbc:sqlserver://localhost:1433;DatabaseName=TJNU, maxAdministrativeTaskTime -> 0, maxConnectionAge -> 0, maxIdleTime -> 60, maxIdleTimeExcessConnections -> 0, maxPoolSize -> 10, maxStatements -> 20, maxStatementsPerConnection -> 5, minPoolSize -> 5, numHelperThreads -> 3, preferredTestQuery -> null, privilegeSpawnedThreads -> false, properties -> {user=******, password=******}, propertyCycle -> 0, statementCacheNumDeferredCloseThreads -> 0, testConnectionOnCheckin -> false, testConnectionOnCheckout -> false, unreturnedConnectionTimeout -> 0, userOverrides -> {}, usesTraditionalReflectiveProxies -> false ]
2016-04-15 09:37:00,001 INFO [quartz.example3.SimpleJob] - SimpleJob says: group1.job1 executing at Fri Apr 15 09:37:00 CST 2016
2016-04-15 09:37:20,001 INFO [quartz.example3.SimpleJob] - SimpleJob says: group1.job1 executing at Fri Apr 15 09:37:20 CST 2016
2016-04-15 09:37:40,000 INFO [quartz.example3.SimpleJob] - SimpleJob says: group1.job1 executing at Fri Apr 15 09:37:40 CST 2016
2016-04-15 09:38:00,001 INFO [quartz.example3.SimpleJob] - SimpleJob says: group1.job1 executing at Fri Apr 15 09:38:00 CST 2016
2016-04-15 09:38:25,353 INFO [com.mchange.v2.log.MLog] - MLog clients using slf4j logging.
2016-04-15 09:38:25,650 INFO [com.mchange.v2.c3p0.C3P0Registry] - Initializing c3p0-0.9.5.2 [built 08-December-2015 22:06:04 -0800; debug? true; trace: 10]
2016-04-15 09:38:25,810 INFO [com.mchange.v2.c3p0.impl.AbstractPoolBackedDataSource] - Initializing c3p0 pool... com.mchange.v2.c3p0.ComboPooledDataSource [ acquireIncrement -> 5, acquireRetryAttempts -> 30, acquireRetryDelay -> 1000, autoCommitOnClose -> false, automaticTestTable -> null, breakAfterAcquireFailure -> false, checkoutTimeout -> 0, connectionCustomizerClassName -> null, connectionTesterClassName -> com.mchange.v2.c3p0.impl.DefaultConnectionTester, contextClassLoaderSource -> caller, dataSourceName -> c3p0, debugUnreturnedConnectionStackTraces -> false, description -> null, driverClass -> com.microsoft.sqlserver.jdbc.SQLServerDriver, extensions -> {}, factoryClassLocation -> null, forceIgnoreUnresolvedTransactions -> false, forceSynchronousCheckins -> false, forceUseNamedDriverClass -> false, identityToken -> 1hgf4cu9g6jfbppnes7dn|26f0a63f, idleConnectionTestPeriod -> 60, initialPoolSize -> 5, jdbcUrl -> jdbc:sqlserver://localhost:1433;DatabaseName=TJNU, maxAdministrativeTaskTime -> 0, maxConnectionAge -> 0, maxIdleTime -> 60, maxIdleTimeExcessConnections -> 0, maxPoolSize -> 10, maxStatements -> 20, maxStatementsPerConnection -> 5, minPoolSize -> 5, numHelperThreads -> 3, preferredTestQuery -> null, privilegeSpawnedThreads -> false, properties -> {user=******, password=******}, propertyCycle -> 0, statementCacheNumDeferredCloseThreads -> 0, testConnectionOnCheckin -> false, testConnectionOnCheckout -> false, unreturnedConnectionTimeout -> 0, userOverrides -> {}, usesTraditionalReflectiveProxies -> false ]
2016-04-15 09:42:01,384 INFO [baidu.MyQuartz] - ------- Initializing -------------------
2016-04-15 09:42:01,424 INFO [org.quartz.impl.StdSchedulerFactory] - Using default implementation for ThreadExecutor
2016-04-15 09:42:01,427 INFO [org.quartz.simpl.SimpleThreadPool] - Job execution threads will use class loader of thread: main
2016-04-15 09:42:01,443 INFO [org.quartz.core.SchedulerSignalerImpl] - Initialized Scheduler Signaller of type: class org.quartz.core.SchedulerSignalerImpl
2016-04-15 09:42:01,443 INFO [org.quartz.core.QuartzScheduler] - Quartz Scheduler v.2.2.2 created.
2016-04-15 09:42:01,444 INFO [org.quartz.simpl.RAMJobStore] - RAMJobStore initialized.
2016-04-15 09:42:01,444 INFO [org.quartz.core.QuartzScheduler] - Scheduler meta-data: Quartz Scheduler (v2.2.2) 'DefaultQuartzScheduler' with instanceId 'NON_CLUSTERED'
  Scheduler class: 'org.quartz.core.QuartzScheduler' - running locally.
  NOT STARTED.
  Currently in standby mode.
  Number of jobs executed: 0
  Using thread pool 'org.quartz.simpl.SimpleThreadPool' - with 10 threads.
  Using job-store 'org.quartz.simpl.RAMJobStore' - which does not support persistence. and is not clustered.

2016-04-15 09:42:01,445 INFO [org.quartz.impl.StdSchedulerFactory] - Quartz scheduler 'DefaultQuartzScheduler' initialized from default resource file in Quartz package: 'quartz.properties'
2016-04-15 09:42:01,445 INFO [org.quartz.impl.StdSchedulerFactory] - Quartz scheduler version: 2.2.2
2016-04-15 09:42:01,445 INFO [baidu.MyQuartz] - ------- Initialization Complete --------
2016-04-15 09:42:01,445 INFO [baidu.MyQuartz] - ------- Scheduling Jobs ----------------
2016-04-15 09:42:01,460 INFO [baidu.MyQuartz] - group1.job1 has been scheduled to run at: Fri Apr 15 09:42:20 CST 2016 and repeat based on expression: 0/20 * * * * ?
2016-04-15 09:42:01,460 INFO [baidu.MyQuartz] - ------- Starting Scheduler ----------------
2016-04-15 09:42:01,460 INFO [org.quartz.core.QuartzScheduler] - Scheduler DefaultQuartzScheduler_$_NON_CLUSTERED started.
2016-04-15 09:42:01,461 INFO [baidu.MyQuartz] - ------- Started Scheduler -----------------
2016-04-15 09:42:01,461 INFO [baidu.MyQuartz] - ------- Waiting five minutes... ------------
2016-04-15 09:42:04,461 INFO [baidu.MyQuartz] - ------- Shutting Down ---------------------
2016-04-15 09:42:04,461 INFO [baidu.MyQuartz] - ------- Shutdown Complete -----------------
2016-04-15 09:42:04,461 INFO [baidu.MyQuartz] - Executed 0 jobs.
2016-04-15 09:42:20,036 INFO [com.mchange.v2.log.MLog] - MLog clients using slf4j logging.
2016-04-15 09:42:20,334 INFO [com.mchange.v2.c3p0.C3P0Registry] - Initializing c3p0-0.9.5.2 [built 08-December-2015 22:06:04 -0800; debug? true; trace: 10]
2016-04-15 09:42:20,489 INFO [com.mchange.v2.c3p0.impl.AbstractPoolBackedDataSource] - Initializing c3p0 pool... com.mchange.v2.c3p0.ComboPooledDataSource [ acquireIncrement -> 5, acquireRetryAttempts -> 30, acquireRetryDelay -> 1000, autoCommitOnClose -> false, automaticTestTable -> null, breakAfterAcquireFailure -> false, checkoutTimeout -> 0, connectionCustomizerClassName -> null, connectionTesterClassName -> com.mchange.v2.c3p0.impl.DefaultConnectionTester, contextClassLoaderSource -> caller, dataSourceName -> c3p0, debugUnreturnedConnectionStackTraces -> false, description -> null, driverClass -> com.microsoft.sqlserver.jdbc.SQLServerDriver, extensions -> {}, factoryClassLocation -> null, forceIgnoreUnresolvedTransactions -> false, forceSynchronousCheckins -> false, forceUseNamedDriverClass -> false, identityToken -> 1hgf4cu9g6jkcss1ma1718|2764a285, idleConnectionTestPeriod -> 60, initialPoolSize -> 5, jdbcUrl -> jdbc:sqlserver://localhost:1433;DatabaseName=TJNU, maxAdministrativeTaskTime -> 0, maxConnectionAge -> 0, maxIdleTime -> 60, maxIdleTimeExcessConnections -> 0, maxPoolSize -> 10, maxStatements -> 20, maxStatementsPerConnection -> 5, minPoolSize -> 5, numHelperThreads -> 3, preferredTestQuery -> null, privilegeSpawnedThreads -> false, properties -> {user=******, password=******}, propertyCycle -> 0, statementCacheNumDeferredCloseThreads -> 0, testConnectionOnCheckin -> false, testConnectionOnCheckout -> false, unreturnedConnectionTimeout -> 0, userOverrides -> {}, usesTraditionalReflectiveProxies -> false ]
2016-04-15 09:42:20,856 INFO [baidu.Getgrade] - 获取学号和密码成功
2016-04-15 09:42:20,857 INFO [baidu.Getgrade] - SimpleJob says: group1.job1 executing at Fri Apr 15 09:42:20 CST 2016
2016-04-15 09:42:20,857 INFO [baidu.Getgrade] - 获取网页信息
2016-04-15 09:42:22,556 INFO [baidu.Getgrade] - 已获取网页信息，正获取学生信息
2016-04-15 09:42:22,580 INFO [baidu.Getgrade] - 存入数据库
2016-04-15 09:42:22,610 INFO [baidu.Getgrade] - 获取网页信息
2016-04-15 09:42:24,111 INFO [baidu.Getgrade] - 已获取网页信息，正获取学生信息
2016-04-15 09:42:24,126 INFO [baidu.Getgrade] - 存入数据库
2016-04-15 09:42:24,132 INFO [baidu.Getgrade] - 获取网页信息
2016-04-15 09:42:25,674 INFO [baidu.Getgrade] - 已获取网页信息，正获取学生信息
2016-04-15 09:42:25,681 INFO [baidu.Getgrade] - 存入数据库
2016-04-15 09:42:25,685 INFO [baidu.Getgrade] - 获取网页信息
2016-04-15 09:42:27,495 INFO [baidu.Getgrade] - 已获取网页信息，正获取学生信息
2016-04-15 09:42:27,500 INFO [baidu.Getgrade] - 存入数据库
2016-04-15 09:42:40,004 INFO [baidu.Getgrade] - 获取学号和密码成功
2016-04-15 09:42:40,005 INFO [baidu.Getgrade] - SimpleJob says: group1.job1 executing at Fri Apr 15 09:42:40 CST 2016
2016-04-15 09:42:40,005 INFO [baidu.Getgrade] - 获取网页信息
2016-04-15 09:42:41,506 INFO [baidu.Getgrade] - 已获取网页信息，正获取学生信息
2016-04-15 09:42:41,511 INFO [baidu.Getgrade] - 存入数据库
2016-04-15 09:42:41,516 INFO [baidu.Getgrade] - 获取网页信息
2016-04-15 09:42:43,051 INFO [baidu.Getgrade] - 已获取网页信息，正获取学生信息
2016-04-15 09:42:43,056 INFO [baidu.Getgrade] - 存入数据库
2016-04-15 09:42:43,059 INFO [baidu.Getgrade] - 获取网页信息
2016-04-15 09:42:44,578 INFO [baidu.Getgrade] - 已获取网页信息，正获取学生信息
2016-04-15 09:42:44,587 INFO [baidu.Getgrade] - 存入数据库
2016-04-15 09:42:44,590 INFO [baidu.Getgrade] - 获取网页信息
2016-04-15 09:42:46,127 INFO [baidu.Getgrade] - 已获取网页信息，正获取学生信息
2016-04-15 09:42:46,132 INFO [baidu.Getgrade] - 存入数据库
2016-04-15 10:37:25,485 INFO [baidu.MyQuartz] - ------- Initializing -------------------
2016-04-15 10:37:25,524 INFO [org.quartz.impl.StdSchedulerFactory] - Using default implementation for ThreadExecutor
2016-04-15 10:37:25,526 INFO [org.quartz.simpl.SimpleThreadPool] - Job execution threads will use class loader of thread: main
2016-04-15 10:37:25,539 INFO [org.quartz.core.SchedulerSignalerImpl] - Initialized Scheduler Signaller of type: class org.quartz.core.SchedulerSignalerImpl
2016-04-15 10:37:25,539 INFO [org.quartz.core.QuartzScheduler] - Quartz Scheduler v.2.2.2 created.
2016-04-15 10:37:25,540 INFO [org.quartz.simpl.RAMJobStore] - RAMJobStore initialized.
2016-04-15 10:37:25,541 INFO [org.quartz.core.QuartzScheduler] - Scheduler meta-data: Quartz Scheduler (v2.2.2) 'DefaultQuartzScheduler' with instanceId 'NON_CLUSTERED'
  Scheduler class: 'org.quartz.core.QuartzScheduler' - running locally.
  NOT STARTED.
  Currently in standby mode.
  Number of jobs executed: 0
  Using thread pool 'org.quartz.simpl.SimpleThreadPool' - with 10 threads.
  Using job-store 'org.quartz.simpl.RAMJobStore' - which does not support persistence. and is not clustered.

2016-04-15 10:37:25,541 INFO [org.quartz.impl.StdSchedulerFactory] - Quartz scheduler 'DefaultQuartzScheduler' initialized from default resource file in Quartz package: 'quartz.properties'
2016-04-15 10:37:25,541 INFO [org.quartz.impl.StdSchedulerFactory] - Quartz scheduler version: 2.2.2
2016-04-15 10:37:25,541 INFO [baidu.MyQuartz] - ------- Initialization Complete --------
2016-04-15 10:37:25,541 INFO [baidu.MyQuartz] - ------- Scheduling Jobs ----------------
2016-04-15 10:37:44,264 INFO [baidu.MyQuartz] - ------- Initializing -------------------
2016-04-15 10:37:44,301 INFO [org.quartz.impl.StdSchedulerFactory] - Using default implementation for ThreadExecutor
2016-04-15 10:37:44,304 INFO [org.quartz.simpl.SimpleThreadPool] - Job execution threads will use class loader of thread: main
2016-04-15 10:37:44,317 INFO [org.quartz.core.SchedulerSignalerImpl] - Initialized Scheduler Signaller of type: class org.quartz.core.SchedulerSignalerImpl
2016-04-15 10:37:44,317 INFO [org.quartz.core.QuartzScheduler] - Quartz Scheduler v.2.2.2 created.
2016-04-15 10:37:44,318 INFO [org.quartz.simpl.RAMJobStore] - RAMJobStore initialized.
2016-04-15 10:37:44,319 INFO [org.quartz.core.QuartzScheduler] - Scheduler meta-data: Quartz Scheduler (v2.2.2) 'DefaultQuartzScheduler' with instanceId 'NON_CLUSTERED'
  Scheduler class: 'org.quartz.core.QuartzScheduler' - running locally.
  NOT STARTED.
  Currently in standby mode.
  Number of jobs executed: 0
  Using thread pool 'org.quartz.simpl.SimpleThreadPool' - with 10 threads.
  Using job-store 'org.quartz.simpl.RAMJobStore' - which does not support persistence. and is not clustered.

2016-04-15 10:37:44,319 INFO [org.quartz.impl.StdSchedulerFactory] - Quartz scheduler 'DefaultQuartzScheduler' initialized from default resource file in Quartz package: 'quartz.properties'
2016-04-15 10:37:44,319 INFO [org.quartz.impl.StdSchedulerFactory] - Quartz scheduler version: 2.2.2
2016-04-15 10:37:44,319 INFO [baidu.MyQuartz] - ------- Initialization Complete --------
2016-04-15 10:37:44,319 INFO [baidu.MyQuartz] - ------- Scheduling Jobs ----------------
2016-04-15 10:38:17,035 INFO [baidu.MyQuartz] - ------- Initializing -------------------
2016-04-15 10:38:17,074 INFO [org.quartz.impl.StdSchedulerFactory] - Using default implementation for ThreadExecutor
2016-04-15 10:38:17,077 INFO [org.quartz.simpl.SimpleThreadPool] - Job execution threads will use class loader of thread: main
2016-04-15 10:38:17,091 INFO [org.quartz.core.SchedulerSignalerImpl] - Initialized Scheduler Signaller of type: class org.quartz.core.SchedulerSignalerImpl
2016-04-15 10:38:17,091 INFO [org.quartz.core.QuartzScheduler] - Quartz Scheduler v.2.2.2 created.
2016-04-15 10:38:17,092 INFO [org.quartz.simpl.RAMJobStore] - RAMJobStore initialized.
2016-04-15 10:38:17,093 INFO [org.quartz.core.QuartzScheduler] - Scheduler meta-data: Quartz Scheduler (v2.2.2) 'DefaultQuartzScheduler' with instanceId 'NON_CLUSTERED'
  Scheduler class: 'org.quartz.core.QuartzScheduler' - running locally.
  NOT STARTED.
  Currently in standby mode.
  Number of jobs executed: 0
  Using thread pool 'org.quartz.simpl.SimpleThreadPool' - with 10 threads.
  Using job-store 'org.quartz.simpl.RAMJobStore' - which does not support persistence. and is not clustered.

2016-04-15 10:38:17,093 INFO [org.quartz.impl.StdSchedulerFactory] - Quartz scheduler 'DefaultQuartzScheduler' initialized from default resource file in Quartz package: 'quartz.properties'
2016-04-15 10:38:17,093 INFO [org.quartz.impl.StdSchedulerFactory] - Quartz scheduler version: 2.2.2
2016-04-15 10:38:17,093 INFO [baidu.MyQuartz] - ------- Initialization Complete --------
2016-04-15 10:38:17,093 INFO [baidu.MyQuartz] - ------- Scheduling Jobs ----------------
2016-04-15 10:40:03,555 INFO [baidu.MyQuartz] - ------- Initializing -------------------
2016-04-15 10:40:03,591 INFO [org.quartz.impl.StdSchedulerFactory] - Using default implementation for ThreadExecutor
2016-04-15 10:40:03,593 INFO [org.quartz.simpl.SimpleThreadPool] - Job execution threads will use class loader of thread: main
2016-04-15 10:40:03,608 INFO [org.quartz.core.SchedulerSignalerImpl] - Initialized Scheduler Signaller of type: class org.quartz.core.SchedulerSignalerImpl
2016-04-15 10:40:03,608 INFO [org.quartz.core.QuartzScheduler] - Quartz Scheduler v.2.2.2 created.
2016-04-15 10:40:03,609 INFO [org.quartz.simpl.RAMJobStore] - RAMJobStore initialized.
2016-04-15 10:40:03,609 INFO [org.quartz.core.QuartzScheduler] - Scheduler meta-data: Quartz Scheduler (v2.2.2) 'DefaultQuartzScheduler' with instanceId 'NON_CLUSTERED'
  Scheduler class: 'org.quartz.core.QuartzScheduler' - running locally.
  NOT STARTED.
  Currently in standby mode.
  Number of jobs executed: 0
  Using thread pool 'org.quartz.simpl.SimpleThreadPool' - with 10 threads.
  Using job-store 'org.quartz.simpl.RAMJobStore' - which does not support persistence. and is not clustered.

2016-04-15 10:40:03,609 INFO [org.quartz.impl.StdSchedulerFactory] - Quartz scheduler 'DefaultQuartzScheduler' initialized from default resource file in Quartz package: 'quartz.properties'
2016-04-15 10:40:03,610 INFO [org.quartz.impl.StdSchedulerFactory] - Quartz scheduler version: 2.2.2
2016-04-15 10:40:03,610 INFO [baidu.MyQuartz] - ------- Initialization Complete --------
2016-04-15 10:40:03,610 INFO [baidu.MyQuartz] - ------- Scheduling Jobs ----------------
2016-04-15 10:40:03,624 INFO [baidu.MyQuartz] - group1.job1 has been scheduled to run at: Fri Apr 15 10:42:00 CST 2016 and repeat based on expression: 0 0/2 8-17 * * ?
2016-04-15 10:40:03,624 INFO [baidu.MyQuartz] - ------- Starting Scheduler ----------------
2016-04-15 10:40:03,624 INFO [org.quartz.core.QuartzScheduler] - Scheduler DefaultQuartzScheduler_$_NON_CLUSTERED started.
2016-04-15 10:40:03,624 INFO [baidu.MyQuartz] - ------- Started Scheduler -----------------
2016-04-15 10:40:03,624 INFO [baidu.MyQuartz] - ------- Waiting five minutes... ------------
2016-04-15 10:40:06,624 INFO [baidu.MyQuartz] - ------- Shutting Down ---------------------
2016-04-15 10:40:06,624 INFO [baidu.MyQuartz] - ------- Shutdown Complete -----------------
2016-04-15 10:40:06,624 INFO [baidu.MyQuartz] - Executed 0 jobs.
2016-04-15 10:42:00,040 INFO [com.mchange.v2.log.MLog] - MLog clients using slf4j logging.
2016-04-15 10:42:00,334 INFO [com.mchange.v2.c3p0.C3P0Registry] - Initializing c3p0-0.9.5.2 [built 08-December-2015 22:06:04 -0800; debug? true; trace: 10]
2016-04-15 10:42:00,496 INFO [com.mchange.v2.c3p0.impl.AbstractPoolBackedDataSource] - Initializing c3p0 pool... com.mchange.v2.c3p0.ComboPooledDataSource [ acquireIncrement -> 5, acquireRetryAttempts -> 30, acquireRetryDelay -> 1000, autoCommitOnClose -> false, automaticTestTable -> null, breakAfterAcquireFailure -> false, checkoutTimeout -> 0, connectionCustomizerClassName -> null, connectionTesterClassName -> com.mchange.v2.c3p0.impl.DefaultConnectionTester, contextClassLoaderSource -> caller, dataSourceName -> c3p0, debugUnreturnedConnectionStackTraces -> false, description -> null, driverClass -> com.microsoft.sqlserver.jdbc.SQLServerDriver, extensions -> {}, factoryClassLocation -> null, forceIgnoreUnresolvedTransactions -> false, forceSynchronousCheckins -> false, forceUseNamedDriverClass -> false, identityToken -> 1hgf4cu9g6lp35bj0qsg|2eedbc1e, idleConnectionTestPeriod -> 60, initialPoolSize -> 5, jdbcUrl -> jdbc:sqlserver://localhost:1433;DatabaseName=TJNU, maxAdministrativeTaskTime -> 0, maxConnectionAge -> 0, maxIdleTime -> 60, maxIdleTimeExcessConnections -> 0, maxPoolSize -> 10, maxStatements -> 20, maxStatementsPerConnection -> 5, minPoolSize -> 5, numHelperThreads -> 3, preferredTestQuery -> null, privilegeSpawnedThreads -> false, properties -> {user=******, password=******}, propertyCycle -> 0, statementCacheNumDeferredCloseThreads -> 0, testConnectionOnCheckin -> false, testConnectionOnCheckout -> false, unreturnedConnectionTimeout -> 0, userOverrides -> {}, usesTraditionalReflectiveProxies -> false ]
2016-04-15 10:42:00,934 INFO [baidu.Getgrade] - 获取学号和密码成功
2016-04-15 10:42:00,934 INFO [baidu.Getgrade] - SimpleJob says: group1.job1 executing at Fri Apr 15 10:42:00 CST 2016
2016-04-15 10:42:00,934 INFO [baidu.Getgrade] - 获取网页信息
2016-04-15 10:42:02,701 INFO [baidu.Getgrade] - 已获取网页信息，正获取学生信息
2016-04-15 10:42:02,723 INFO [baidu.Getgrade] - 存入数据库
2016-04-15 10:42:02,746 INFO [baidu.Getgrade] - 获取网页信息
2016-04-15 10:42:04,379 INFO [baidu.Getgrade] - 已获取网页信息，正获取学生信息
2016-04-15 10:42:04,388 INFO [baidu.Getgrade] - 存入数据库
2016-04-15 10:42:04,395 INFO [baidu.Getgrade] - 获取网页信息
2016-04-15 10:42:06,024 INFO [baidu.Getgrade] - 已获取网页信息，正获取学生信息
2016-04-15 10:42:06,030 INFO [baidu.Getgrade] - 存入数据库
2016-04-15 10:42:06,035 INFO [baidu.Getgrade] - 获取网页信息
2016-04-15 10:42:07,608 INFO [baidu.Getgrade] - 已获取网页信息，正获取学生信息
2016-04-15 10:42:07,613 INFO [baidu.Getgrade] - 存入数据库
2016-04-15 13:46:05,642 INFO [com.mchange.v2.log.MLog] - MLog clients using slf4j logging.
2016-04-15 13:46:05,967 INFO [com.mchange.v2.c3p0.C3P0Registry] - Initializing c3p0-0.9.5.2 [built 08-December-2015 22:06:04 -0800; debug? true; trace: 10]
2016-04-15 13:46:06,171 INFO [com.mchange.v2.c3p0.impl.AbstractPoolBackedDataSource] - Initializing c3p0 pool... com.mchange.v2.c3p0.ComboPooledDataSource [ acquireIncrement -> 5, acquireRetryAttempts -> 30, acquireRetryDelay -> 1000, autoCommitOnClose -> false, automaticTestTable -> null, breakAfterAcquireFailure -> false, checkoutTimeout -> 0, connectionCustomizerClassName -> null, connectionTesterClassName -> com.mchange.v2.c3p0.impl.DefaultConnectionTester, contextClassLoaderSource -> caller, dataSourceName -> c3p0, debugUnreturnedConnectionStackTraces -> false, description -> null, driverClass -> com.microsoft.sqlserver.jdbc.SQLServerDriver, extensions -> {}, factoryClassLocation -> null, forceIgnoreUnresolvedTransactions -> false, forceSynchronousCheckins -> false, forceUseNamedDriverClass -> false, identityToken -> 1hgf4cu9g6s9tzm1u15imx|26f0a63f, idleConnectionTestPeriod -> 60, initialPoolSize -> 5, jdbcUrl -> jdbc:sqlserver://localhost:1433;DatabaseName=TJNU, maxAdministrativeTaskTime -> 0, maxConnectionAge -> 0, maxIdleTime -> 60, maxIdleTimeExcessConnections -> 0, maxPoolSize -> 10, maxStatements -> 20, maxStatementsPerConnection -> 5, minPoolSize -> 5, numHelperThreads -> 3, preferredTestQuery -> null, privilegeSpawnedThreads -> false, properties -> {user=******, password=******}, propertyCycle -> 0, statementCacheNumDeferredCloseThreads -> 0, testConnectionOnCheckin -> false, testConnectionOnCheckout -> false, unreturnedConnectionTimeout -> 0, userOverrides -> {}, usesTraditionalReflectiveProxies -> false ]
